<?xml version="1.0" encoding="UTF-8"?>
<!-- Generated by org.testng.reporters.JUnitReportReporter -->
<testsuite skipped="0" hostname="user-PC" name="test.carloan" tests="3" failures="0" timestamp="06 Feb 2018 13:32:55 GMT" time="0.017" errors="0">
  <testcase name="moblogout" time="0.002" classname="test.carloan"/>
  <testcase name="weblogin" time="0.002" classname="test.carloan"/>
  <testcase name="moblogin" time="0.013" classname="test.carloan"/>
</testsuite> <!-- test.carloan -->
