<?xml version="1.0" encoding="UTF-8"?>
<!-- Generated by org.testng.reporters.JUnitReportReporter -->
<testsuite skipped="0" hostname="user-PC" name="test.TestNGDay1" tests="1" failures="0" timestamp="06 Feb 2018 13:32:55 GMT" time="0.001" errors="0">
  <testcase name="Demo" time="0.001" classname="test.TestNGDay1"/>
</testsuite> <!-- test.TestNGDay1 -->
