<?xml version="1.0" encoding="UTF-8"?>
<!-- Generated by org.testng.reporters.JUnitReportReporter -->
<testsuite skipped="0" hostname="user-PC" name="test.carloan1" tests="2" failures="0" timestamp="06 Feb 2018 13:32:55 GMT" time="0.002" errors="0">
  <testcase name="wondercar" time="0.001" classname="test.carloan1"/>
  <testcase name="flyingcar" time="0.001" classname="test.carloan1"/>
</testsuite> <!-- test.carloan1 -->
